Info: Starting: Create block symbol file (.bsf)
Info: qsys-generate C:\Users\user\Desktop\dclab\FinalProject\fp_qsys.qsys --block-symbol-file --output-directory=C:\Users\user\Desktop\dclab\FinalProject\fp_qsys --family="Cyclone IV E" --part=EP4CE115F29C7
Progress: Loading FinalProject/fp_qsys.qsys
Progress: Reading input file
Progress: Adding altpll_0 [altpll 15.0]
Progress: Parameterizing module altpll_0
Progress: Adding altpll_1 [altpll 15.0]
Progress: Parameterizing module altpll_1
Progress: Adding clk_0 [clock_source 15.0]
Progress: Parameterizing module clk_0
Progress: Building connections
Progress: Parameterizing connections
Progress: Validating
Progress: Done reading input file
Warning: fp_qsys.altpll_0: altpll_0.areset_conduit must be exported, or connected to a matching conduit.
Warning: fp_qsys.altpll_0: altpll_0.c2_conduit must be exported, or connected to a matching conduit.
Warning: fp_qsys.altpll_0: altpll_0.locked_conduit must be exported, or connected to a matching conduit.
Warning: fp_qsys.altpll_0: altpll_0.phasedone_conduit must be exported, or connected to a matching conduit.
Warning: fp_qsys.altpll_1: altpll_1.areset_conduit must be exported, or connected to a matching conduit.
Warning: fp_qsys.altpll_1: altpll_1.locked_conduit must be exported, or connected to a matching conduit.
Warning: fp_qsys.altpll_1: altpll_1.phasedone_conduit must be exported, or connected to a matching conduit.
Warning: fp_qsys.altpll_0: altpll_0.pll_slave must be connected to an Avalon-MM master
Warning: fp_qsys.altpll_1: altpll_1.pll_slave must be connected to an Avalon-MM master
Info: ip-generate succeeded.
Info: Finished: Create block symbol file (.bsf)
Info: 
Info: Starting: Create HDL design files for synthesis
Info: qsys-generate C:\Users\user\Desktop\dclab\FinalProject\fp_qsys.qsys --synthesis=VERILOG --output-directory=C:\Users\user\Desktop\dclab\FinalProject\fp_qsys\synthesis --family="Cyclone IV E" --part=EP4CE115F29C7
Progress: Loading FinalProject/fp_qsys.qsys
Progress: Reading input file
Progress: Adding altpll_0 [altpll 15.0]
Progress: Parameterizing module altpll_0
Progress: Adding altpll_1 [altpll 15.0]
Progress: Parameterizing module altpll_1
Progress: Adding clk_0 [clock_source 15.0]
Progress: Parameterizing module clk_0
Progress: Building connections
Progress: Parameterizing connections
Progress: Validating
Progress: Done reading input file
Warning: fp_qsys.altpll_0: altpll_0.areset_conduit must be exported, or connected to a matching conduit.
Warning: fp_qsys.altpll_0: altpll_0.c2_conduit must be exported, or connected to a matching conduit.
Warning: fp_qsys.altpll_0: altpll_0.locked_conduit must be exported, or connected to a matching conduit.
Warning: fp_qsys.altpll_0: altpll_0.phasedone_conduit must be exported, or connected to a matching conduit.
Warning: fp_qsys.altpll_1: altpll_1.areset_conduit must be exported, or connected to a matching conduit.
Warning: fp_qsys.altpll_1: altpll_1.locked_conduit must be exported, or connected to a matching conduit.
Warning: fp_qsys.altpll_1: altpll_1.phasedone_conduit must be exported, or connected to a matching conduit.
Warning: fp_qsys.altpll_0: altpll_0.pll_slave must be connected to an Avalon-MM master
Warning: fp_qsys.altpll_1: altpll_1.pll_slave must be connected to an Avalon-MM master
Info: fp_qsys: Generating fp_qsys "fp_qsys" for QUARTUS_SYNTH
Info: altpll_0: "fp_qsys" instantiated altpll "altpll_0"
Info: altpll_1: "fp_qsys" instantiated altpll "altpll_1"
Info: rst_controller: "fp_qsys" instantiated altera_reset_controller "rst_controller"
Info: fp_qsys: Done "fp_qsys" with 4 modules, 6 files
Info: ip-generate succeeded.
Info: Finished: Create HDL design files for synthesis
